22/08/25 16:25:40 387 [debug]: 16:25:40
22/08/25 16:25:40 390 [debug]: 16:25:40
22/08/25 16:25:40 499 [debug]: 16:25:40 에 작업이 예약되었습니다.
22/08/25 16:25:52 011 [debug]: 예약작업이 설정되었습니다.
22/08/25 16:26:10 066 [debug]: [rule1] 매분 10초 마다 수행!!
22/08/25 16:26:40 027 [debug]: [rule4] 매주 월~토 매 분 40초마다 실행
22/08/25 16:27:10 039 [debug]: [rule1] 매분 10초 마다 수행!!
22/08/25 16:27:40 035 [debug]: [rule4] 매주 월~토 매 분 40초마다 실행
22/08/25 16:28:10 033 [debug]: [rule1] 매분 10초 마다 수행!!
22/08/25 16:28:40 036 [debug]: [rule4] 매주 월~토 매 분 40초마다 실행
22/08/25 16:29:10 033 [debug]: [rule1] 매분 10초 마다 수행!!
22/08/25 16:29:40 033 [debug]: [rule4] 매주 월~토 매 분 40초마다 실행
22/08/25 16:30:10 033 [debug]: [rule1] 매분 10초 마다 수행!!
22/08/25 16:30:40 034 [debug]: [rule4] 매주 월~토 매 분 40초마다 실행
22/08/25 16:31:10 035 [debug]: [rule1] 매분 10초 마다 수행!!
22/08/25 16:31:40 036 [debug]: [rule4] 매주 월~토 매 분 40초마다 실행
22/08/25 16:32:10 035 [debug]: [rule1] 매분 10초 마다 수행!!
22/08/25 16:32:40 034 [debug]: [rule4] 매주 월~토 매 분 40초마다 실행
22/08/25 16:33:10 034 [debug]: [rule1] 매분 10초 마다 수행!!
22/08/25 16:33:40 031 [debug]: [rule4] 매주 월~토 매 분 40초마다 실행
22/08/25 16:34:10 032 [debug]: [rule1] 매분 10초 마다 수행!!
22/08/25 16:34:40 031 [debug]: [rule4] 매주 월~토 매 분 40초마다 실행
22/08/25 16:35:10 031 [debug]: [rule1] 매분 10초 마다 수행!!
22/08/25 16:35:40 032 [debug]: [rule4] 매주 월~토 매 분 40초마다 실행
22/08/25 16:36:10 032 [debug]: [rule1] 매분 10초 마다 수행!!
22/08/25 16:36:40 032 [debug]: [rule4] 매주 월~토 매 분 40초마다 실행
22/08/25 16:37:10 092 [debug]: [rule1] 매분 10초 마다 수행!!
22/08/25 16:37:40 033 [debug]: [rule4] 매주 월~토 매 분 40초마다 실행
22/08/25 16:38:10 091 [debug]: [rule1] 매분 10초 마다 수행!!
22/08/25 16:38:20 065 [debug]: [rule2] 매시간 38분 20초 마다 수행 !!
22/08/25 16:38:40 022 [debug]: [rule4] 매주 월~토 매 분 40초마다 실행
22/08/25 16:39:10 034 [debug]: [rule1] 매분 10초 마다 수행!!
22/08/25 16:39:40 033 [debug]: [rule4] 매주 월~토 매 분 40초마다 실행
22/08/25 16:40:10 032 [debug]: [rule1] 매분 10초 마다 수행!!
22/08/25 16:40:40 033 [debug]: [rule4] 매주 월~토 매 분 40초마다 실행
22/08/25 16:41:10 031 [debug]: [rule1] 매분 10초 마다 수행!!
22/08/25 16:41:40 034 [debug]: [rule4] 매주 월~토 매 분 40초마다 실행
22/08/25 16:42:10 033 [debug]: [rule1] 매분 10초 마다 수행!!
22/08/25 16:42:40 037 [debug]: [rule4] 매주 월~토 매 분 40초마다 실행
22/08/25 16:43:10 034 [debug]: [rule1] 매분 10초 마다 수행!!
22/08/25 16:43:40 032 [debug]: [rule4] 매주 월~토 매 분 40초마다 실행
22/08/25 16:44:10 031 [debug]: [rule1] 매분 10초 마다 수행!!
22/08/25 16:44:40 035 [debug]: [rule4] 매주 월~토 매 분 40초마다 실행
22/08/25 16:45:10 031 [debug]: [rule1] 매분 10초 마다 수행!!
22/08/25 16:45:40 033 [debug]: [rule4] 매주 월~토 매 분 40초마다 실행
22/08/25 16:46:10 031 [debug]: [rule1] 매분 10초 마다 수행!!
22/08/25 16:46:40 033 [debug]: [rule4] 매주 월~토 매 분 40초마다 실행
22/08/25 16:47:10 031 [debug]: [rule1] 매분 10초 마다 수행!!
22/08/25 16:47:40 031 [debug]: [rule4] 매주 월~토 매 분 40초마다 실행
22/08/25 16:48:10 032 [debug]: [rule1] 매분 10초 마다 수행!!
22/08/25 16:48:40 033 [debug]: [rule4] 매주 월~토 매 분 40초마다 실행
22/08/25 16:49:10 031 [debug]: [rule1] 매분 10초 마다 수행!!
22/08/25 16:49:40 034 [debug]: [rule4] 매주 월~토 매 분 40초마다 실행
22/08/25 16:50:10 033 [debug]: [rule1] 매분 10초 마다 수행!!
22/08/25 16:50:40 032 [debug]: [rule4] 매주 월~토 매 분 40초마다 실행
22/08/25 16:51:10 031 [debug]: [rule1] 매분 10초 마다 수행!!
22/08/25 16:51:40 032 [debug]: [rule4] 매주 월~토 매 분 40초마다 실행
22/08/25 16:52:10 033 [debug]: [rule1] 매분 10초 마다 수행!!
22/08/25 16:52:40 031 [debug]: [rule4] 매주 월~토 매 분 40초마다 실행
22/08/25 16:53:10 032 [debug]: [rule1] 매분 10초 마다 수행!!
22/08/25 16:53:40 031 [debug]: [rule4] 매주 월~토 매 분 40초마다 실행
22/08/25 16:54:10 032 [debug]: [rule1] 매분 10초 마다 수행!!
22/08/25 16:54:40 032 [debug]: [rule4] 매주 월~토 매 분 40초마다 실행
22/08/25 16:55:10 032 [debug]: [rule1] 매분 10초 마다 수행!!
22/08/25 16:55:40 032 [debug]: [rule4] 매주 월~토 매 분 40초마다 실행
22/08/25 16:56:10 032 [debug]: [rule1] 매분 10초 마다 수행!!
22/08/25 16:56:40 034 [debug]: [rule4] 매주 월~토 매 분 40초마다 실행
22/08/25 16:57:10 033 [debug]: [rule1] 매분 10초 마다 수행!!
22/08/25 16:57:40 033 [debug]: [rule4] 매주 월~토 매 분 40초마다 실행
22/08/25 16:58:10 031 [debug]: [rule1] 매분 10초 마다 수행!!
