22/08/26 04:51:47.776 [error] error 메시지 입니다.(1수준)
22/08/26 04:51:47.780 [warn] warn 메시지 입니다.(2수준)
22/08/26 04:51:47.781 [info] info 메시지 입니다.(3수준)
22/08/26 04:51:47.782 [verbose] verbose 메시지 입니다.(4수준)
22/08/26 04:51:47.784 [debug] debug 메시지 입니다.(5수준)
22/08/26 14:13:43.747 [debug] 3216번 포트에서 백엔드가 구동되었습니다.
22/08/26 14:13:43.750 [debug] -------------------------------
22/08/26 14:13:43.751 [debug] http://172.31.155.215:3216
22/08/26 14:13:57.789 [debug] 프론트엔드가 접속했습니다. : ::1, 39406
22/08/26 14:13:57.792 [debug] [object Object]
22/08/26 14:13:57.829 [debug] 프론트엔드가 접속했습니다. : ::1, 39408
22/08/26 14:13:57.830 [debug] [object Object]
22/08/26 14:13:57.849 [debug] 프론트엔드의 요청 >> [GET] /
22/08/26 14:13:58.035 [debug] 프론트엔드의 요청 >> [GET] /favicon.ico
22/08/26 14:14:10.017 [debug] 프론트엔드의 요청 >> [GET] /
22/08/26 14:14:10.063 [debug] 프론트엔드가 접속했습니다. : ::1, 39410
22/08/26 14:14:10.080 [debug] [object Object]
22/08/26 14:14:10.100 [debug] 프론트엔드의 요청 >> [GET] /favicon.ico
22/08/26 14:15:36.893 [debug] 프론트엔드가 접속했습니다. : ::1, 39412
22/08/26 14:15:36.893 [debug] [object Object]
22/08/26 14:15:36.895 [debug] 프론트엔드의 요청 >> [GET] /
22/08/26 14:15:36.938 [debug] 프론트엔드가 접속했습니다. : ::1, 39414
22/08/26 14:15:36.939 [debug] [object Object]
22/08/26 14:15:37.007 [debug] 프론트엔드의 요청 >> [GET] /favicon.ico
22/08/26 14:15:42.692 [debug] 프론트엔드의 요청 >> [GET] /
22/08/26 14:15:42.762 [debug] 프론트엔드가 접속했습니다. : ::1, 39416
22/08/26 14:15:42.762 [debug] [object Object]
22/08/26 14:15:42.764 [debug] 프론트엔드의 요청 >> [GET] /favicon.ico
22/08/26 14:16:51.581 [debug] 프론트엔드가 접속했습니다. : ::1, 39418
22/08/26 14:16:51.582 [debug] [object Object]
22/08/26 14:16:51.641 [debug] 프론트엔드가 접속했습니다. : ::1, 39420
22/08/26 14:16:51.642 [debug] [object Object]
22/08/26 14:16:51.644 [debug] 프론트엔드의 요청 >> [GET] /
22/08/26 14:16:51.742 [debug] 프론트엔드의 요청 >> [GET] /favicon.ico
22/08/26 14:16:57.471 [debug] 3216번 포트에서 백엔드가 구동되었습니다.
22/08/26 14:16:57.476 [debug] -------------------------------
22/08/26 14:16:57.477 [debug] http://172.31.155.215:3216
22/08/26 14:16:59.901 [debug] 프론트엔드가 접속했습니다. : ::1, 39422
22/08/26 14:16:59.902 [debug] [object Object]
22/08/26 14:16:59.909 [debug] 프론트엔드가 접속했습니다. : ::1, 39424
22/08/26 14:16:59.910 [debug] [object Object]
22/08/26 14:16:59.913 [debug] 프론트엔드의 요청 >> [GET] /
22/08/26 14:16:59.991 [debug] 프론트엔드의 요청 >> [GET] /favicon.ico
22/08/26 14:17:02.050 [debug] 프론트엔드의 요청 >> [GET] /
22/08/26 14:17:02.121 [debug] 프론트엔드의 요청 >> [GET] /favicon.ico
22/08/26 14:18:34.991 [debug] 3216번 포트에서 백엔드가 구동되었습니다.
22/08/26 14:18:34.995 [debug] -------------------------------
22/08/26 14:18:34.996 [debug] http://172.31.155.215:3216
22/08/26 14:18:36.208 [debug] 프론트엔드가 접속했습니다. : ::1, 39426
22/08/26 14:18:36.208 [debug] [object Object]
22/08/26 14:18:36.216 [debug] 프론트엔드의 요청 >> [GET] /
22/08/26 14:18:36.271 [debug] 프론트엔드가 접속했습니다. : ::1, 39428
22/08/26 14:18:36.272 [debug] [object Object]
22/08/26 14:18:36.326 [debug] 프론트엔드의 요청 >> [GET] /favicon.ico
22/08/26 14:18:40.899 [debug] 프론트엔드의 요청 >> [GET] /hello
22/08/26 14:18:40.969 [debug] 프론트엔드의 요청 >> [GET] /favicon.ico
22/08/26 14:18:44.003 [debug] 프론트엔드의 요청 >> [GET] /hello.html
22/08/26 14:18:44.086 [debug] 프론트엔드의 요청 >> [GET] /favicon.ico
22/08/26 14:20:55.258 [debug] 프론트엔드가 접속했습니다. : ::1, 39430
22/08/26 14:20:55.258 [debug] [object Object]
22/08/26 14:20:55.262 [debug] 프론트엔드가 접속했습니다. : ::1, 39432
22/08/26 14:20:55.262 [debug] [object Object]
22/08/26 14:22:01.446 [debug] 프론트엔드가 접속했습니다. : ::1, 39436
22/08/26 14:22:01.447 [debug] [object Object]
22/08/26 14:22:01.504 [debug] 프론트엔드가 접속했습니다. : ::1, 39434
22/08/26 14:22:01.505 [debug] [object Object]
22/08/26 14:22:01.507 [debug] 프론트엔드의 요청 >> [GET] /hello.html
22/08/26 14:22:01.641 [debug] 프론트엔드의 요청 >> [GET] /favicon.ico
22/08/26 14:22:23.564 [debug] 프론트엔드가 접속했습니다. : ::1, 39438
22/08/26 14:22:23.564 [debug] [object Object]
22/08/26 14:22:23.568 [debug] 프론트엔드의 요청 >> [GET] /hello.html
22/08/26 14:22:24.209 [debug] 프론트엔드의 요청 >> [GET] /favicon.ico
22/08/26 14:23:00.582 [debug] 프론트엔드가 접속했습니다. : ::1, 39440
22/08/26 14:23:00.583 [debug] [object Object]
22/08/26 14:23:00.585 [debug] 프론트엔드의 요청 >> [GET] /hello.html
22/08/26 14:23:00.732 [debug] 프론트엔드의 요청 >> [GET] /favicon.ico
22/08/26 14:23:03.278 [debug] 프론트엔드의 요청 >> [GET] /hello.html
22/08/26 14:23:03.407 [debug] 프론트엔드의 요청 >> [GET] /favicon.ico
22/08/26 14:23:04.576 [debug] 프론트엔드의 요청 >> [GET] /hello.html
22/08/26 14:23:04.695 [debug] 프론트엔드의 요청 >> [GET] /favicon.ico
22/08/26 14:23:07.448 [debug] 프론트엔드의 요청 >> [GET] /hello.html
22/08/26 14:23:07.558 [debug] 프론트엔드의 요청 >> [GET] /favicon.ico
22/08/26 14:23:08.813 [debug] 프론트엔드의 요청 >> [GET] /hello.html
22/08/26 14:23:08.938 [debug] 프론트엔드의 요청 >> [GET] /favicon.ico
22/08/26 14:23:14.243 [debug] 프론트엔드가 접속했습니다. : ::1, 39442
22/08/26 14:23:14.243 [debug] [object Object]
22/08/26 14:23:14.247 [debug] 프론트엔드의 요청 >> [GET] /hello.html
22/08/26 14:23:14.366 [debug] 프론트엔드의 요청 >> [GET] /favicon.ico
22/08/26 14:23:17.680 [debug] 프론트엔드의 요청 >> [GET] /hello.html
22/08/26 14:23:17.788 [debug] 프론트엔드의 요청 >> [GET] /favicon.ico
22/08/26 14:23:57.682 [debug] 프론트엔드가 접속했습니다. : ::1, 39444
22/08/26 14:23:57.682 [debug] [object Object]
22/08/26 14:23:57.685 [debug] 프론트엔드의 요청 >> [GET] /hello.html
22/08/26 14:23:57.812 [debug] 프론트엔드의 요청 >> [GET] /favicon.ico
22/08/26 14:24:21.993 [debug] 프론트엔드가 접속했습니다. : ::1, 39446
22/08/26 14:24:21.994 [debug] [object Object]
22/08/26 14:24:21.997 [debug] 프론트엔드의 요청 >> [GET] /hello.html
22/08/26 14:24:22.045 [debug] 프론트엔드가 접속했습니다. : ::1, 39448
22/08/26 14:24:22.045 [debug] [object Object]
22/08/26 14:24:22.144 [debug] 프론트엔드의 요청 >> [GET] /favicon.ico
22/08/26 14:24:25.060 [debug] 프론트엔드의 요청 >> [GET] /hello.html
22/08/26 14:24:25.192 [debug] 프론트엔드의 요청 >> [GET] /favicon.ico
22/08/26 15:46:29.491 [debug] 3217번 포트에서 백엔드가 구동되었습니다.
22/08/26 15:46:29.494 [debug] -------------------------------
22/08/26 15:46:29.495 [debug] http://172.31.155.215:3217
22/08/26 15:47:01.738 [debug] 프론트엔드가 접속했습니다. : ::1, 39916
22/08/26 15:47:01.739 [debug] [object Object]
22/08/26 15:47:01.746 [debug] 프론트엔드가 접속했습니다. : ::1, 39918
22/08/26 15:47:01.747 [debug] [object Object]
22/08/26 15:47:01.752 [debug] 프론트엔드의 요청 >> [GET] /sample.html
22/08/26 15:49:44.654 [debug] 3217번 포트에서 백엔드가 구동되었습니다.
22/08/26 15:49:44.657 [debug] -------------------------------
22/08/26 15:49:44.658 [debug] http://172.31.155.215:3217
22/08/26 15:49:48.874 [debug] 프론트엔드가 접속했습니다. : ::1, 39922
22/08/26 15:49:48.875 [debug] [object Object]
22/08/26 15:49:48.883 [debug] 프론트엔드의 요청 >> [GET] /sample.html
22/08/26 15:50:56.138 [debug] 3217번 포트에서 백엔드가 구동되었습니다.
22/08/26 15:50:56.141 [debug] -------------------------------
22/08/26 15:50:56.141 [debug] http://172.31.155.215:3217
22/08/26 15:51:15.896 [debug] 프론트엔드가 접속했습니다. : ::1, 39928
22/08/26 15:51:15.898 [debug] [object Object]
22/08/26 15:51:15.907 [debug] 프론트엔드의 요청 >> [GET] /sample.html
22/08/26 16:54:57.601 [debug] 3217번 포트에서 백엔드가 구동되었습니다.
22/08/26 16:54:57.604 [debug] -------------------------------
22/08/26 16:54:57.605 [debug] http://172.31.155.215:3217
22/08/26 16:55:00.052 [debug] 프론트엔드가 접속했습니다. : ::1, 39934
22/08/26 16:55:00.083 [debug] [object Object]
22/08/26 16:55:00.096 [debug] 프론트엔드가 접속했습니다. : ::1, 39936
22/08/26 16:55:00.097 [debug] [object Object]
22/08/26 16:55:00.103 [debug] 프론트엔드의 요청 >> [GET] /hello.html
22/08/26 16:55:00.293 [debug] 프론트엔드의 요청 >> [GET] /favicon.ico
22/08/26 16:58:26.407 [debug] 프론트엔드가 접속했습니다. : ::1, 39938
22/08/26 16:58:26.409 [debug] [object Object]
22/08/26 16:58:26.414 [debug] 프론트엔드가 접속했습니다. : ::1, 39940
22/08/26 16:58:26.415 [debug] [object Object]
22/08/26 16:58:26.422 [debug] 프론트엔드의 요청 >> [GET] /sample.html
22/08/26 16:58:35.653 [debug] 3217번 포트에서 백엔드가 구동되었습니다.
22/08/26 16:58:35.657 [debug] -------------------------------
22/08/26 16:58:35.657 [debug] http://172.31.155.215:3217
22/08/26 16:58:38.426 [debug] 프론트엔드가 접속했습니다. : ::1, 39944
22/08/26 16:58:38.427 [debug] [object Object]
22/08/26 16:58:38.446 [debug] 프론트엔드가 접속했습니다. : ::1, 39946
22/08/26 16:58:38.448 [debug] [object Object]
22/08/26 16:58:38.455 [debug] 프론트엔드의 요청 >> [GET] /sample.html
22/08/26 16:59:20.821 [debug] 3217번 포트에서 백엔드가 구동되었습니다.
22/08/26 16:59:20.825 [debug] -------------------------------
22/08/26 16:59:20.826 [debug] http://172.31.155.215:3217
22/08/26 16:59:23.904 [debug] 프론트엔드가 접속했습니다. : ::1, 39950
22/08/26 16:59:23.906 [debug] [object Object]
22/08/26 16:59:23.919 [debug] 프론트엔드가 접속했습니다. : ::1, 39952
22/08/26 16:59:23.921 [debug] [object Object]
22/08/26 16:59:23.926 [debug] 프론트엔드의 요청 >> [GET] /
22/08/26 16:59:24.131 [debug] 프론트엔드의 요청 >> [GET] /favicon.ico
22/08/26 17:00:22.344 [debug] 프론트엔드가 접속했습니다. : ::1, 39954
22/08/26 17:00:22.345 [debug] [object Object]
22/08/26 17:00:22.394 [debug] 프론트엔드의 요청 >> [GET] /
22/08/26 17:00:22.397 [debug] 프론트엔드가 접속했습니다. : ::1, 39956
22/08/26 17:00:22.397 [debug] [object Object]
22/08/26 17:00:22.543 [debug] 프론트엔드의 요청 >> [GET] /favicon.ico
22/08/26 17:00:36.702 [debug] 3217번 포트에서 백엔드가 구동되었습니다.
22/08/26 17:00:36.705 [debug] -------------------------------
22/08/26 17:00:36.705 [debug] http://172.31.155.215:3217
22/08/26 17:01:49.124 [debug] 프론트엔드가 접속했습니다. : ::1, 39958
22/08/26 17:01:49.126 [debug] [object Object]
22/08/26 17:01:49.136 [debug] 프론트엔드가 접속했습니다. : ::1, 39960
22/08/26 17:01:49.138 [debug] [object Object]
22/08/26 17:01:49.147 [debug] 프론트엔드의 요청 >> [GET] /
22/08/26 17:01:49.426 [debug] 프론트엔드의 요청 >> [GET] /favicon.ico
22/08/26 17:03:42.980 [debug] 프론트엔드가 접속했습니다. : ::1, 39962
22/08/26 17:03:42.981 [debug] [object Object]
22/08/26 17:03:42.983 [debug] 프론트엔드가 접속했습니다. : ::1, 39964
22/08/26 17:03:42.983 [debug] [object Object]
22/08/26 17:03:42.987 [debug] 프론트엔드의 요청 >> [GET] /
22/08/26 17:03:43.190 [debug] 프론트엔드의 요청 >> [GET] /favicon.ico
22/08/26 17:04:16.910 [debug] 프론트엔드가 접속했습니다. : ::1, 39966
22/08/26 17:04:16.910 [debug] [object Object]
22/08/26 17:04:16.914 [debug] 프론트엔드의 요청 >> [GET] /
22/08/26 17:04:17.053 [debug] 프론트엔드의 요청 >> [GET] /favicon.ico
22/08/26 17:05:28.218 [debug] 프론트엔드가 접속했습니다. : ::1, 39968
22/08/26 17:05:28.219 [debug] [object Object]
22/08/26 17:05:28.221 [debug] 프론트엔드가 접속했습니다. : ::1, 39970
22/08/26 17:05:28.221 [debug] [object Object]
22/08/26 17:05:28.223 [debug] 프론트엔드의 요청 >> [GET] /sample.html
22/08/26 17:17:53.639 [debug] 3217번 포트에서 백엔드가 구동되었습니다.
22/08/26 17:17:53.642 [debug] -------------------------------
22/08/26 17:17:53.643 [debug] http://172.31.155.215:3217
22/08/26 17:17:55.655 [debug] 프론트엔드가 접속했습니다. : ::1, 39972
22/08/26 17:17:55.656 [debug] [object Object]
22/08/26 17:17:55.665 [debug] 프론트엔드가 접속했습니다. : ::1, 39974
22/08/26 17:17:55.666 [debug] [object Object]
22/08/26 17:17:55.723 [debug] 프론트엔드의 요청 >> [GET] /sample.html
22/08/26 17:18:27.111 [debug] 3217번 포트에서 백엔드가 구동되었습니다.
22/08/26 17:18:27.115 [debug] -------------------------------
22/08/26 17:18:27.116 [debug] http://172.31.155.215:3217
22/08/26 17:18:28.190 [debug] 프론트엔드가 접속했습니다. : ::1, 39978
22/08/26 17:18:28.192 [debug] [object Object]
22/08/26 17:18:28.209 [debug] 프론트엔드가 접속했습니다. : ::1, 39980
22/08/26 17:18:28.210 [debug] [object Object]
22/08/26 17:18:28.220 [debug] 프론트엔드의 요청 >> [GET] /sample.html
22/08/26 17:21:03.670 [debug] 3217번 포트에서 백엔드가 구동되었습니다.
22/08/26 17:21:03.674 [debug] -------------------------------
22/08/26 17:21:03.674 [debug] http://172.31.155.215:3217
22/08/26 17:21:06.926 [debug] 프론트엔드가 접속했습니다. : ::1, 39984
22/08/26 17:21:06.927 [debug] [object Object]
22/08/26 17:21:06.941 [debug] 프론트엔드의 요청 >> [GET] /sample.html
22/08/26 17:21:07.079 [debug] 프론트엔드가 접속했습니다. : ::1, 39986
22/08/26 17:21:07.079 [debug] [object Object]
22/08/26 17:21:07.385 [debug] 프론트엔드의 요청 >> [GET] /favicon.ico
22/08/26 17:21:08.945 [debug] 프론트엔드의 요청 >> [GET] /
22/08/26 17:21:09.694 [debug] 프론트엔드의 요청 >> [POST] /
22/08/26 17:21:09.697 [debug] 프론트엔드의 요청 >> [DELETE] /
22/08/26 17:21:10.312 [debug] 프론트엔드의 요청 >> [PUT] /
22/08/26 17:21:38.582 [debug] 프론트엔드가 접속했습니다. : ::1, 39988
22/08/26 17:21:38.582 [debug] [object Object]
22/08/26 17:21:38.585 [debug] 프론트엔드의 요청 >> [PUT] /
22/08/26 17:21:46.618 [debug] 3217번 포트에서 백엔드가 구동되었습니다.
22/08/26 17:21:46.621 [debug] -------------------------------
22/08/26 17:21:46.622 [debug] http://172.31.155.215:3217
22/08/26 17:21:50.747 [debug] 프론트엔드가 접속했습니다. : ::1, 39990
22/08/26 17:21:50.748 [debug] [object Object]
22/08/26 17:21:50.755 [debug] 프론트엔드가 접속했습니다. : ::1, 39992
22/08/26 17:21:50.756 [debug] [object Object]
22/08/26 17:21:50.759 [debug] 프론트엔드의 요청 >> [GET] /sample.html
22/08/26 17:21:50.914 [debug] 프론트엔드의 요청 >> [GET] /favicon.ico
22/08/26 17:21:52.070 [debug] 프론트엔드의 요청 >> [DELETE] /
22/08/26 17:21:52.996 [debug] 프론트엔드의 요청 >> [PUT] /
22/08/26 17:21:53.466 [debug] 프론트엔드의 요청 >> [POST] /
22/08/26 17:21:53.981 [debug] 프론트엔드의 요청 >> [DELETE] /
22/08/26 17:21:54.488 [debug] 프론트엔드의 요청 >> [DELETE] /
22/08/26 17:21:54.627 [debug] 프론트엔드의 요청 >> [DELETE] /
22/08/26 17:21:55.517 [debug] 프론트엔드의 요청 >> [GET] /
22/08/26 17:21:55.940 [debug] 프론트엔드의 요청 >> [POST] /
22/08/26 17:21:56.233 [debug] 프론트엔드의 요청 >> [POST] /
22/08/26 17:21:56.487 [debug] 프론트엔드의 요청 >> [PUT] /
22/08/26 17:21:56.811 [debug] 프론트엔드의 요청 >> [PUT] /
22/08/26 17:21:57.110 [debug] 프론트엔드의 요청 >> [DELETE] /
22/08/26 17:21:57.276 [debug] 프론트엔드의 요청 >> [DELETE] /
22/08/26 17:21:57.432 [debug] 프론트엔드의 요청 >> [DELETE] /
22/08/26 17:21:57.587 [debug] 프론트엔드의 요청 >> [DELETE] /
22/08/26 17:21:57.750 [debug] 프론트엔드의 요청 >> [DELETE] /
22/08/26 17:21:57.901 [debug] 프론트엔드의 요청 >> [DELETE] /
22/08/26 17:21:58.054 [debug] 프론트엔드의 요청 >> [DELETE] /
22/08/26 17:21:58.198 [debug] 프론트엔드의 요청 >> [DELETE] /
22/08/26 17:21:58.348 [debug] 프론트엔드의 요청 >> [DELETE] /
22/08/26 17:21:58.496 [debug] 프론트엔드의 요청 >> [DELETE] /
